Warning[2054] D:\git\testing79m\App\WebUI\HTTPGetDevInfo.c 174 : suspicious pointer conversion
Warning[2054] D:\git\testing79m\App\WebUI\HTTPGetDevInfo.c 243 : suspicious pointer conversion
Warning[2054] D:\git\testing79m\App\WebUI\HTTPGetDevInfo.c 278 : suspicious pointer conversion
Warning[2054] D:\git\testing79m\App\WebUI\HTTPGetDevInfo.c 283 : suspicious pointer conversion
Warning[2054] D:\git\testing79m\App\WebUI\HTTPGetDevInfo.c 309 : suspicious pointer conversion
Warning[2054] D:\git\testing79m\App\WebUI\HTTPGetDevInfo.c 343 : suspicious pointer conversion
Warning[2054] D:\git\testing79m\App\WebUI\HTTPGetDevInfo.c 348 : suspicious pointer conversion
Warning[2054] D:\git\testing79m\App\WebUI\HTTPGetDevInfo.c 372 : suspicious pointer conversion
Warning[2054] D:\git\testing79m\App\WebUI\HTTPGetDevInfo.c 405 : suspicious pointer conversion
Warning[2054] D:\git\testing79m\App\WebUI\HTTPGetDevInfo.c 410 : suspicious pointer conversion
Warning[2058] D:\git\testing79m\App\WebUI\HTTPGetDevInfo.c 874 : call of function without prototype
Warning[2058] D:\git\testing79m\App\WebUI\HTTPGetDevInfo.c 891 : call of function without prototype
Warning[2054] D:\git\testing79m\App\WebUI\HTTPGetDevInfo.c 1012 : suspicious pointer conversion
Warning[2054] D:\git\testing79m\App\WebUI\HTTPGetDevInfo.c 1020 : suspicious pointer conversion
Warning[2065] D:\git\testing79m\App\WebUI\HTTPGetDevInfo.c 1205 : static function 'HTTPGet__u8SetDownCvtPower' never referenced
Warning[2065] D:\git\testing79m\App\WebUI\HTTPGetDevInfo.c 1205 : static function 'HTTPGet__u8SetUpCvtPower' never referenced
Warning[2065] D:\git\testing79m\App\WebUI\HTTPGetDevInfo.c 1205 : static function 'HTTPGet__boSetOnOff' never referenced
Warning[2065] D:\git\testing79m\App\WebUI\HTTPGetDevInfo.c 1205 : static function 'HTTPGet__u8SetDownCvtPower' never referenced
Warning[2065] D:\git\testing79m\App\WebUI\HTTPGetDevInfo.c 1205 : static function 'HTTPGet__u8SetUpCvtPower' never referenced
Warning[2065] D:\git\testing79m\App\WebUI\HTTPGetDevInfo.c 1205 : static function 'HTTPGet__boSetOnOff' never referenced
Warning[2064] D:\git\testing79m\App\WebUI\HTTPGetDevInfo.c 1205 : static function 'HTTPPostConfig' not defined
Warning[2064] D:\git\testing79m\App\WebUI\HTTPGetDevInfo.c 1205 : static function 'HTTPPostlut' not defined
