Warning[2073] C:\firmware\70M_L_upconverter_SXY\70M_1223\work\Drivers\External-Peripherals\oled_c2.c 215 : null-terminated initializer string too long
Warning[2073] C:\firmware\70M_L_upconverter_SXY\70M_1223\work\Drivers\External-Peripherals\oled_c2.c 215 : null-terminated initializer string too long
Warning[2073] C:\firmware\70M_L_upconverter_SXY\70M_1223\work\Drivers\External-Peripherals\oled_c2.c 215 : null-terminated initializer string too long
Warning[2073] C:\firmware\70M_L_upconverter_SXY\70M_1223\work\Drivers\External-Peripherals\oled_c2.c 215 : null-terminated initializer string too long
Warning[2073] C:\firmware\70M_L_upconverter_SXY\70M_1223\work\Drivers\External-Peripherals\oled_c2.c 215 : null-terminated initializer string too long
Warning[2073] C:\firmware\70M_L_upconverter_SXY\70M_1223\work\Drivers\External-Peripherals\oled_c2.c 215 : null-terminated initializer string too long
Warning[2073] C:\firmware\70M_L_upconverter_SXY\70M_1223\work\Drivers\External-Peripherals\oled_c2.c 215 : null-terminated initializer string too long
Warning[2073] C:\firmware\70M_L_upconverter_SXY\70M_1223\work\Drivers\External-Peripherals\oled_c2.c 215 : null-terminated initializer string too long
Warning[2073] C:\firmware\70M_L_upconverter_SXY\70M_1223\work\Drivers\External-Peripherals\oled_c2.c 215 : null-terminated initializer string too long
Warning[2073] C:\firmware\70M_L_upconverter_SXY\70M_1223\work\Drivers\External-Peripherals\oled_c2.c 215 : null-terminated initializer string too long
Warning[2073] C:\firmware\70M_L_upconverter_SXY\70M_1223\work\Drivers\External-Peripherals\oled_c2.c 215 : null-terminated initializer string too long
Warning[2073] C:\firmware\70M_L_upconverter_SXY\70M_1223\work\Drivers\External-Peripherals\oled_c2.c 215 : null-terminated initializer string too long
Warning[2073] C:\firmware\70M_L_upconverter_SXY\70M_1223\work\Drivers\External-Peripherals\oled_c2.c 215 : null-terminated initializer string too long
Warning[2073] C:\firmware\70M_L_upconverter_SXY\70M_1223\work\Drivers\External-Peripherals\oled_c2.c 215 : null-terminated initializer string too long
Warning[2073] C:\firmware\70M_L_upconverter_SXY\70M_1223\work\Drivers\External-Peripherals\oled_c2.c 215 : null-terminated initializer string too long
Warning[2073] C:\firmware\70M_L_upconverter_SXY\70M_1223\work\Drivers\External-Peripherals\oled_c2.c 215 : null-terminated initializer string too long
Warning[2073] C:\firmware\70M_L_upconverter_SXY\70M_1223\work\Drivers\External-Peripherals\oled_c2.c 215 : null-terminated initializer string too long
Warning[2073] C:\firmware\70M_L_upconverter_SXY\70M_1223\work\Drivers\External-Peripherals\oled_c2.c 215 : null-terminated initializer string too long
Warning[2073] C:\firmware\70M_L_upconverter_SXY\70M_1223\work\Drivers\External-Peripherals\oled_c2.c 215 : null-terminated initializer string too long
Warning[2073] C:\firmware\70M_L_upconverter_SXY\70M_1223\work\Drivers\External-Peripherals\oled_c2.c 215 : null-terminated initializer string too long
Warning[2073] C:\firmware\70M_L_upconverter_SXY\70M_1223\work\Drivers\External-Peripherals\oled_c2.c 215 : null-terminated initializer string too long
Warning[2073] C:\firmware\70M_L_upconverter_SXY\70M_1223\work\Drivers\External-Peripherals\oled_c2.c 215 : null-terminated initializer string too long
Warning[2073] C:\firmware\70M_L_upconverter_SXY\70M_1223\work\Drivers\External-Peripherals\oled_c2.c 215 : null-terminated initializer string too long
Warning[2073] C:\firmware\70M_L_upconverter_SXY\70M_1223\work\Drivers\External-Peripherals\oled_c2.c 215 : null-terminated initializer string too long
Warning[2073] C:\firmware\70M_L_upconverter_SXY\70M_1223\work\Drivers\External-Peripherals\oled_c2.c 215 : null-terminated initializer string too long
Warning[2073] C:\firmware\70M_L_upconverter_SXY\70M_1223\work\Drivers\External-Peripherals\oled_c2.c 215 : null-terminated initializer string too long
Warning[2073] C:\firmware\70M_L_upconverter_SXY\70M_1223\work\Drivers\External-Peripherals\oled_c2.c 215 : null-terminated initializer string too long
Warning[2073] C:\firmware\70M_L_upconverter_SXY\70M_1223\work\Drivers\External-Peripherals\oled_c2.c 215 : null-terminated initializer string too long
Warning[2073] C:\firmware\70M_L_upconverter_SXY\70M_1223\work\Drivers\External-Peripherals\oled_c2.c 215 : null-terminated initializer string too long
Warning[2073] C:\firmware\70M_L_upconverter_SXY\70M_1223\work\Drivers\External-Peripherals\oled_c2.c 215 : null-terminated initializer string too long
Warning[2073] C:\firmware\70M_L_upconverter_SXY\70M_1223\work\Drivers\External-Peripherals\oled_c2.c 245 : null-terminated initializer string too long
Warning[2073] C:\firmware\70M_L_upconverter_SXY\70M_1223\work\Drivers\External-Peripherals\oled_c2.c 245 : null-terminated initializer string too long
Warning[2073] C:\firmware\70M_L_upconverter_SXY\70M_1223\work\Drivers\External-Peripherals\oled_c2.c 245 : null-terminated initializer string too long
Warning[2073] C:\firmware\70M_L_upconverter_SXY\70M_1223\work\Drivers\External-Peripherals\oled_c2.c 245 : null-terminated initializer string too long
Warning[2073] C:\firmware\70M_L_upconverter_SXY\70M_1223\work\Drivers\External-Peripherals\oled_c2.c 245 : null-terminated initializer string too long
Warning[2073] C:\firmware\70M_L_upconverter_SXY\70M_1223\work\Drivers\External-Peripherals\oled_c2.c 245 : null-terminated initializer string too long
Warning[2073] C:\firmware\70M_L_upconverter_SXY\70M_1223\work\Drivers\External-Peripherals\oled_c2.c 245 : null-terminated initializer string too long
Warning[2073] C:\firmware\70M_L_upconverter_SXY\70M_1223\work\Drivers\External-Peripherals\oled_c2.c 245 : null-terminated initializer string too long
Warning[2073] C:\firmware\70M_L_upconverter_SXY\70M_1223\work\Drivers\External-Peripherals\oled_c2.c 245 : null-terminated initializer string too long
Warning[2073] C:\firmware\70M_L_upconverter_SXY\70M_1223\work\Drivers\External-Peripherals\oled_c2.c 245 : null-terminated initializer string too long
Warning[2073] C:\firmware\70M_L_upconverter_SXY\70M_1223\work\Drivers\External-Peripherals\oled_c2.c 245 : null-terminated initializer string too long
Warning[2073] C:\firmware\70M_L_upconverter_SXY\70M_1223\work\Drivers\External-Peripherals\oled_c2.c 245 : null-terminated initializer string too long
Warning[2073] C:\firmware\70M_L_upconverter_SXY\70M_1223\work\Drivers\External-Peripherals\oled_c2.c 245 : null-terminated initializer string too long
Warning[2073] C:\firmware\70M_L_upconverter_SXY\70M_1223\work\Drivers\External-Peripherals\oled_c2.c 245 : null-terminated initializer string too long
Warning[2073] C:\firmware\70M_L_upconverter_SXY\70M_1223\work\Drivers\External-Peripherals\oled_c2.c 245 : null-terminated initializer string too long
Warning[2073] C:\firmware\70M_L_upconverter_SXY\70M_1223\work\Drivers\External-Peripherals\oled_c2.c 245 : null-terminated initializer string too long
Warning[2073] C:\firmware\70M_L_upconverter_SXY\70M_1223\work\Drivers\External-Peripherals\oled_c2.c 245 : null-terminated initializer string too long
Warning[2058] C:\firmware\70M_L_upconverter_SXY\70M_1223\work\Drivers\External-Peripherals\oled_c2.c 260 : call of function without prototype
Warning[2058] C:\firmware\70M_L_upconverter_SXY\70M_1223\work\Drivers\External-Peripherals\oled_c2.c 475 : call of function without prototype
Warning[2058] C:\firmware\70M_L_upconverter_SXY\70M_1223\work\Drivers\External-Peripherals\oled_c2.c 484 : call of function without prototype
Warning[2058] C:\firmware\70M_L_upconverter_SXY\70M_1223\work\Drivers\External-Peripherals\oled_c2.c 488 : call of function without prototype
Warning[2058] C:\firmware\70M_L_upconverter_SXY\70M_1223\work\Drivers\External-Peripherals\oled_c2.c 553 : call of function without prototype
Warning[2058] C:\firmware\70M_L_upconverter_SXY\70M_1223\work\Drivers\External-Peripherals\oled_c2.c 562 : call of function without prototype
Warning[2058] C:\firmware\70M_L_upconverter_SXY\70M_1223\work\Drivers\External-Peripherals\oled_c2.c 567 : call of function without prototype
Warning[2058] C:\firmware\70M_L_upconverter_SXY\70M_1223\work\Drivers\External-Peripherals\oled_c2.c 652 : call of function without prototype
Warning[2058] C:\firmware\70M_L_upconverter_SXY\70M_1223\work\Drivers\External-Peripherals\oled_c2.c 761 : call of function without prototype
Warning[2058] C:\firmware\70M_L_upconverter_SXY\70M_1223\work\Drivers\External-Peripherals\oled_c2.c 775 : call of function without prototype
Warning[2058] C:\firmware\70M_L_upconverter_SXY\70M_1223\work\Drivers\External-Peripherals\oled_c2.c 779 : call of function without prototype
Warning[2058] C:\firmware\70M_L_upconverter_SXY\70M_1223\work\Drivers\External-Peripherals\oled_c2.c 789 : call of function without prototype
Warning[2058] C:\firmware\70M_L_upconverter_SXY\70M_1223\work\Drivers\External-Peripherals\oled_c2.c 798 : call of function without prototype
Warning[2058] C:\firmware\70M_L_upconverter_SXY\70M_1223\work\Drivers\External-Peripherals\oled_c2.c 808 : call of function without prototype
Warning[2058] C:\firmware\70M_L_upconverter_SXY\70M_1223\work\Drivers\External-Peripherals\oled_c2.c 818 : call of function without prototype
Warning[2058] C:\firmware\70M_L_upconverter_SXY\70M_1223\work\Drivers\External-Peripherals\oled_c2.c 837 : call of function without prototype
Warning[2058] C:\firmware\70M_L_upconverter_SXY\70M_1223\work\Drivers\External-Peripherals\oled_c2.c 847 : call of function without prototype
Warning[2058] C:\firmware\70M_L_upconverter_SXY\70M_1223\work\Drivers\External-Peripherals\oled_c2.c 853 : call of function without prototype
Warning[2058] C:\firmware\70M_L_upconverter_SXY\70M_1223\work\Drivers\External-Peripherals\oled_c2.c 863 : call of function without prototype
Warning[2058] C:\firmware\70M_L_upconverter_SXY\70M_1223\work\Drivers\External-Peripherals\oled_c2.c 893 : call of function without prototype
Warning[2058] C:\firmware\70M_L_upconverter_SXY\70M_1223\work\Drivers\External-Peripherals\oled_c2.c 898 : call of function without prototype
Warning[2058] C:\firmware\70M_L_upconverter_SXY\70M_1223\work\Drivers\External-Peripherals\oled_c2.c 908 : call of function without prototype
Warning[2058] C:\firmware\70M_L_upconverter_SXY\70M_1223\work\Drivers\External-Peripherals\oled_c2.c 913 : call of function without prototype
Warning[2058] C:\firmware\70M_L_upconverter_SXY\70M_1223\work\Drivers\External-Peripherals\oled_c2.c 918 : call of function without prototype
Warning[2058] C:\firmware\70M_L_upconverter_SXY\70M_1223\work\Drivers\External-Peripherals\oled_c2.c 966 : call of function without prototype
Warning[2058] C:\firmware\70M_L_upconverter_SXY\70M_1223\work\Drivers\External-Peripherals\oled_c2.c 986 : call of function without prototype
Warning[2065] C:\firmware\70M_L_upconverter_SXY\70M_1223\work\Drivers\External-Peripherals\oled_c2.c 1617 : static function 'SYS__u8UpdateDownConverter' never referenced
Warning[2065] C:\firmware\70M_L_upconverter_SXY\70M_1223\work\Drivers\External-Peripherals\oled_c2.c 1617 : static function 'LCD__u8CancelKeyToParentMenu' never referenced
Warning[2065] C:\firmware\70M_L_upconverter_SXY\70M_1223\work\Drivers\External-Peripherals\oled_c2.c 1617 : static function 'LCD__u8EnterKeyToChildMenu' never referenced
Warning[2065] C:\firmware\70M_L_upconverter_SXY\70M_1223\work\Drivers\External-Peripherals\oled_c2.c 1617 : static function 'SYS__u8UpdateDownConverter' never referenced
